<?xml version="1.0" encoding="UTF-8"?>
<coverage generated="1722767490819" clover="3.2.0">
  <project timestamp="1722767490819" name="All files">
    <metrics statements="23" coveredstatements="20" conditionals="4" coveredconditionals="1" methods="7" coveredmethods="5" elements="34" coveredelements="26" complexity="0" loc="23" ncloc="23" packages="1" files="4" classes="4"/>
    <file name="Appointment.js" path="/home/kartik/Healthcare/backend/models/Appointment.js">
      <metrics statements="4" coveredstatements="4" conditionals="0" coveredconditionals="0" methods="1" coveredmethods="1"/>
      <line num="4" count="2" type="stmt"/>
      <line num="6" count="2" type="stmt"/>
      <line num="9" count="5" type="stmt"/>
      <line num="45" count="1" type="stmt"/>
    </file>
    <file name="Doctors.js" path="/home/kartik/Healthcare/backend/models/Doctors.js">
      <metrics statements="11" coveredstatements="8" conditionals="4" coveredconditionals="1" methods="4" coveredmethods="2"/>
      <line num="3" count="1" type="stmt"/>
      <line num="4" count="1" type="stmt"/>
      <line num="6" count="1" type="stmt"/>
      <line num="19" count="1" type="stmt"/>
      <line num="60" count="4" type="cond" truecount="1" falsecount="1"/>
      <line num="61" count="4" type="stmt"/>
      <line num="62" count="4" type="stmt"/>
      <line num="66" count="0" type="cond" truecount="0" falsecount="2"/>
      <line num="67" count="0" type="stmt"/>
      <line num="68" count="0" type="stmt"/>
      <line num="81" count="1" type="stmt"/>
    </file>
    <file name="Order.js" path="/home/kartik/Healthcare/backend/models/Order.js">
      <metrics statements="4" coveredstatements="4" conditionals="0" coveredconditionals="0" methods="1" coveredmethods="1"/>
      <line num="4" count="2" type="stmt"/>
      <line num="6" count="2" type="stmt"/>
      <line num="9" count="5" type="stmt"/>
      <line num="45" count="1" type="stmt"/>
    </file>
    <file name="Patients.js" path="/home/kartik/Healthcare/backend/models/Patients.js">
      <metrics statements="4" coveredstatements="4" conditionals="0" coveredconditionals="0" methods="1" coveredmethods="1"/>
      <line num="3" count="2" type="stmt"/>
      <line num="5" count="2" type="stmt"/>
      <line num="8" count="5" type="stmt"/>
      <line num="38" count="1" type="stmt"/>
    </file>
  </project>
</coverage>
