<?xml version="1.0" encoding="UTF-8"?>
<coverage generated="1723387634459" clover="3.2.0">
  <project timestamp="1723387634459" name="All files">
    <metrics statements="16" coveredstatements="15" conditionals="0" coveredconditionals="0" methods="5" coveredmethods="4" elements="21" coveredelements="19" complexity="0" loc="16" ncloc="16" packages="1" files="3" classes="3"/>
    <file name="Appointment.js" path="/home/kartik/Healthcare/backend/models/Appointment.js">
      <metrics statements="4" coveredstatements="4" conditionals="0" coveredconditionals="0" methods="1" coveredmethods="1"/>
      <line num="4" count="2" type="stmt"/>
      <line num="6" count="2" type="stmt"/>
      <line num="9" count="5" type="stmt"/>
      <line num="45" count="1" type="stmt"/>
    </file>
    <file name="Order.js" path="/home/kartik/Healthcare/backend/models/Order.js">
      <metrics statements="4" coveredstatements="4" conditionals="0" coveredconditionals="0" methods="1" coveredmethods="1"/>
      <line num="4" count="2" type="stmt"/>
      <line num="6" count="2" type="stmt"/>
      <line num="9" count="5" type="stmt"/>
      <line num="45" count="1" type="stmt"/>
    </file>
    <file name="Patients.js" path="/home/kartik/Healthcare/backend/models/Patients.js">
      <metrics statements="8" coveredstatements="7" conditionals="0" coveredconditionals="0" methods="3" coveredmethods="2"/>
      <line num="3" count="2" type="stmt"/>
      <line num="4" count="2" type="stmt"/>
      <line num="6" count="2" type="stmt"/>
      <line num="10" count="0" type="stmt"/>
      <line num="14" count="5" type="stmt"/>
      <line num="38" count="5" type="stmt"/>
      <line num="39" count="5" type="stmt"/>
      <line num="49" count="1" type="stmt"/>
    </file>
  </project>
</coverage>
