{"/home/kartik/Healthcare/backend/models/Appointment.js": {"path":"/home/kartik/Healthcare/backend/models/Appointment.js","statementMap":{"0":{"start":{"line":4,"column":29},"end":{"line":4,"column":49}},"1":{"start":{"line":6,"column":0},"end":{"line":46,"column":2}},"2":{"start":{"line":9,"column":4},"end":{"line":43,"column":6}},"3":{"start":{"line":45,"column":4},"end":{"line":45,"column":24}}},"fnMap":{"0":{"name":"(anonymous_0)","decl":{"start":{"line":6,"column":17},"end":{"line":6,"column":18}},"loc":{"start":{"line":6,"column":32},"end":{"line":46,"column":1}},"line":6}},"branchMap":{},"s":{"0":2,"1":2,"2":5,"3":5},"f":{"0":5},"b":{},"_coverageSchema":"1a1c01bbd47fc00a2c39e90264f33305004495a9","hash":"9bef7ae899c3a4674d7b2100b9103ad10e314521"}
,"/home/kartik/Healthcare/backend/models/Doctors.js": {"path":"/home/kartik/Healthcare/backend/models/Doctors.js","statementMap":{"0":{"start":{"line":3,"column":29},"end":{"line":3,"column":49}},"1":{"start":{"line":4,"column":15},"end":{"line":4,"column":32}},"2":{"start":{"line":6,"column":0},"end":{"line":78,"column":2}},"3":{"start":{"line":11,"column":12},"end":{"line":11,"column":49}},"4":{"start":{"line":15,"column":4},"end":{"line":75,"column":6}},"5":{"start":{"line":56,"column":20},"end":{"line":59,"column":21}},"6":{"start":{"line":57,"column":37},"end":{"line":57,"column":61}},"7":{"start":{"line":58,"column":24},"end":{"line":58,"column":83}},"8":{"start":{"line":62,"column":20},"end":{"line":65,"column":21}},"9":{"start":{"line":63,"column":37},"end":{"line":63,"column":61}},"10":{"start":{"line":64,"column":24},"end":{"line":64,"column":83}},"11":{"start":{"line":77,"column":4},"end":{"line":77,"column":19}}},"fnMap":{"0":{"name":"(anonymous_0)","decl":{"start":{"line":6,"column":17},"end":{"line":6,"column":18}},"loc":{"start":{"line":6,"column":32},"end":{"line":78,"column":1}},"line":6},"1":{"name":"(anonymous_1)","decl":{"start":{"line":9,"column":8},"end":{"line":9,"column":9}},"loc":{"start":{"line":9,"column":33},"end":{"line":12,"column":9}},"line":9},"2":{"name":"(anonymous_2)","decl":{"start":{"line":55,"column":30},"end":{"line":55,"column":31}},"loc":{"start":{"line":55,"column":57},"end":{"line":60,"column":17}},"line":55},"3":{"name":"(anonymous_3)","decl":{"start":{"line":61,"column":30},"end":{"line":61,"column":31}},"loc":{"start":{"line":61,"column":57},"end":{"line":66,"column":17}},"line":61}},"branchMap":{"0":{"loc":{"start":{"line":56,"column":20},"end":{"line":59,"column":21}},"type":"if","locations":[{"start":{"line":56,"column":20},"end":{"line":59,"column":21}},{"start":{},"end":{}}],"line":56},"1":{"loc":{"start":{"line":62,"column":20},"end":{"line":65,"column":21}},"type":"if","locations":[{"start":{"line":62,"column":20},"end":{"line":65,"column":21}},{"start":{},"end":{}}],"line":62}},"s":{"0":2,"1":2,"2":2,"3":0,"4":5,"5":4,"6":4,"7":4,"8":1,"9":1,"10":1,"11":5},"f":{"0":5,"1":0,"2":4,"3":1},"b":{"0":[4,0],"1":[1,0]},"_coverageSchema":"1a1c01bbd47fc00a2c39e90264f33305004495a9","hash":"e249ac104775d275b3db044becc4037412c18284"}
,"/home/kartik/Healthcare/backend/models/Order.js": {"path":"/home/kartik/Healthcare/backend/models/Order.js","statementMap":{"0":{"start":{"line":4,"column":29},"end":{"line":4,"column":49}},"1":{"start":{"line":6,"column":0},"end":{"line":48,"column":2}},"2":{"start":{"line":11,"column":4},"end":{"line":45,"column":6}},"3":{"start":{"line":47,"column":4},"end":{"line":47,"column":18}}},"fnMap":{"0":{"name":"(anonymous_0)","decl":{"start":{"line":6,"column":17},"end":{"line":6,"column":18}},"loc":{"start":{"line":6,"column":32},"end":{"line":48,"column":1}},"line":6}},"branchMap":{},"s":{"0":2,"1":2,"2":5,"3":5},"f":{"0":5},"b":{},"_coverageSchema":"1a1c01bbd47fc00a2c39e90264f33305004495a9","hash":"48733613501083a176f5e526128bafa4d30797d3"}
,"/home/kartik/Healthcare/backend/models/Patients.js": {"path":"/home/kartik/Healthcare/backend/models/Patients.js","statementMap":{"0":{"start":{"line":3,"column":29},"end":{"line":3,"column":49}},"1":{"start":{"line":4,"column":15},"end":{"line":4,"column":32}},"2":{"start":{"line":6,"column":0},"end":{"line":50,"column":2}},"3":{"start":{"line":10,"column":12},"end":{"line":10,"column":68}},"4":{"start":{"line":14,"column":4},"end":{"line":47,"column":6}},"5":{"start":{"line":38,"column":43},"end":{"line":38,"column":69}},"6":{"start":{"line":39,"column":20},"end":{"line":39,"column":66}},"7":{"start":{"line":49,"column":4},"end":{"line":49,"column":19}}},"fnMap":{"0":{"name":"(anonymous_0)","decl":{"start":{"line":6,"column":17},"end":{"line":6,"column":18}},"loc":{"start":{"line":6,"column":32},"end":{"line":50,"column":1}},"line":6},"1":{"name":"(anonymous_1)","decl":{"start":{"line":9,"column":8},"end":{"line":9,"column":9}},"loc":{"start":{"line":9,"column":49},"end":{"line":11,"column":9}},"line":9},"2":{"name":"(anonymous_2)","decl":{"start":{"line":36,"column":16},"end":{"line":36,"column":17}},"loc":{"start":{"line":36,"column":27},"end":{"line":40,"column":17}},"line":36}},"branchMap":{},"s":{"0":2,"1":2,"2":2,"3":0,"4":5,"5":9,"6":9,"7":5},"f":{"0":5,"1":0,"2":9},"b":{},"_coverageSchema":"1a1c01bbd47fc00a2c39e90264f33305004495a9","hash":"8bcd46f893e7b6a92377a5bb521f88f801bd8069"}
}
