TN:
SF:models/Appointment.js
FN:6,(anonymous_0)
FNF:1
FNH:1
FNDA:5,(anonymous_0)
DA:4,2
DA:6,2
DA:9,5
DA:45,1
LF:4
LH:4
BRF:0
BRH:0
end_of_record
TN:
SF:models/Doctors.js
FN:6,(anonymous_0)
FN:13,(anonymous_1)
FN:59,(anonymous_2)
FN:65,(anonymous_3)
FNF:4
FNH:2
FNDA:5,(anonymous_0)
FNDA:0,(anonymous_1)
FNDA:4,(anonymous_2)
FNDA:0,(anonymous_3)
DA:3,2
DA:4,2
DA:6,2
DA:19,5
DA:60,4
DA:61,4
DA:62,4
DA:66,0
DA:67,0
DA:68,0
DA:81,1
LF:11
LH:8
BRDA:60,0,0,4
BRDA:60,0,1,0
BRDA:66,1,0,0
BRDA:66,1,1,0
BRF:4
BRH:1
end_of_record
TN:
SF:models/Order.js
FN:6,(anonymous_0)
FNF:1
FNH:1
FNDA:5,(anonymous_0)
DA:4,2
DA:6,2
DA:9,5
DA:45,1
LF:4
LH:4
BRF:0
BRH:0
end_of_record
TN:
SF:models/Patients.js
FN:6,(anonymous_0)
FN:9,(anonymous_1)
FN:36,(anonymous_2)
FNF:3
FNH:2
FNDA:5,(anonymous_0)
FNDA:0,(anonymous_1)
FNDA:5,(anonymous_2)
DA:3,2
DA:4,2
DA:6,2
DA:10,0
DA:14,5
DA:38,5
DA:39,5
DA:49,1
LF:8
LH:7
BRF:0
BRH:0
end_of_record
